<?xml version="1.0" encoding="UTF-8"?>
<!-- Generated by org.testng.reporters.JUnitXMLReporter -->
<testsuite ignored="0" hostname="DESKTOP-TQN180S" failures="0" tests="3" name="ECOM App Test" time="65.367" errors="0" timestamp="2025-03-10T17:56:24 IST">
  <testcase classname="com.TestCase.ExecutionClass" name="signupNew" time="9.2"/>
  <testcase classname="com.TestCase.ExecutionClass" name="login" time="11.881"/>
  <testcase classname="com.TestCase.ExecutionClass" name="checkout" time="30.176"/>
</testsuite> <!-- ECOM App Test -->
