<?xml version="1.0" encoding="UTF-8"?>
<!-- Generated by org.testng.reporters.JUnitXMLReporter -->
<testsuite ignored="0" hostname="DESKTOP-TQN180S" failures="0" tests="3" name="MyTest" time="68.979" errors="0" timestamp="2025-03-10T18:50:18 IST">
  <testcase classname="com.TestCase.ExecutionClass" name="signupNew" time="9.599"/>
  <testcase classname="com.TestCase.ExecutionClass" name="login" time="12.08"/>
  <testcase classname="com.TestCase.ExecutionClass" name="checkout" time="30.214"/>
</testsuite> <!-- MyTest -->
