<?xml version="1.0" encoding="UTF-8"?>
<!-- Generated by org.testng.reporters.JUnitXMLReporter -->
<testsuite ignored="0" hostname="DESKTOP-TQN180S" failures="0" tests="3" name="MyTest" time="63.372" errors="0" timestamp="2025-03-10T19:45:12 IST">
  <testcase classname="com.TestCase.ExecutionClass" name="signupNew" time="11.094"/>
  <testcase classname="com.TestCase.ExecutionClass" name="login" time="13.994"/>
  <testcase classname="com.TestCase.ExecutionClass" name="checkout" time="24.003"/>
</testsuite> <!-- MyTest -->
