<?xml version="1.0" encoding="UTF-8"?>
<testng-results ignored="0" total="3" passed="3" failed="0" skipped="0">
  <reporter-output>
  </reporter-output>
  <suite started-at="2025-03-10T18:49:09 IST" name="Suite" finished-at="2025-03-10T18:50:18 IST" duration-ms="68979">
    <groups>
    </groups>
    <test started-at="2025-03-10T18:49:09 IST" name="MyTest" finished-at="2025-03-10T18:50:18 IST" duration-ms="68979">
      <class name="com.TestCase.ExecutionClass">
        <test-method is-config="true" signature="setUp(java.lang.String)[pri:0, instance:com.TestCase.ExecutionClass@702657cc]" started-at="2025-03-10T18:49:09 IST" name="setUp" finished-at="2025-03-10T18:49:16 IST" duration-ms="7075" status="PASS">
          <params>
            <param index="0">
              <value>
                <![CDATA[Chrome]]>
              </value>
            </param>
          </params>
          <reporter-output>
          </reporter-output>
        </test-method> <!-- setUp -->
        <test-method signature="signupNew()[pri:1, instance:com.TestCase.ExecutionClass@702657cc]" started-at="2025-03-10T18:49:16 IST" name="signupNew" finished-at="2025-03-10T18:49:26 IST" duration-ms="9599" status="PASS">
          <reporter-output>
          </reporter-output>
        </test-method> <!-- signupNew -->
        <test-method is-config="true" signature="tearDown()[pri:0, instance:com.TestCase.ExecutionClass@702657cc]" started-at="2025-03-10T18:49:26 IST" name="tearDown" finished-at="2025-03-10T18:49:27 IST" duration-ms="1382" status="PASS">
          <reporter-output>
          </reporter-output>
        </test-method> <!-- tearDown -->
        <test-method is-config="true" signature="setUp(java.lang.String)[pri:0, instance:com.TestCase.ExecutionClass@702657cc]" started-at="2025-03-10T18:49:27 IST" name="setUp" finished-at="2025-03-10T18:49:31 IST" duration-ms="3611" status="PASS">
          <params>
            <param index="0">
              <value>
                <![CDATA[Chrome]]>
              </value>
            </param>
          </params>
          <reporter-output>
          </reporter-output>
        </test-method> <!-- setUp -->
        <test-method signature="login()[pri:2, instance:com.TestCase.ExecutionClass@702657cc]" started-at="2025-03-10T18:49:31 IST" name="login" finished-at="2025-03-10T18:49:43 IST" duration-ms="12080" status="PASS">
          <reporter-output>
          </reporter-output>
        </test-method> <!-- login -->
        <test-method is-config="true" signature="tearDown()[pri:0, instance:com.TestCase.ExecutionClass@702657cc]" started-at="2025-03-10T18:49:43 IST" name="tearDown" finished-at="2025-03-10T18:49:43 IST" duration-ms="488" status="PASS">
          <reporter-output>
          </reporter-output>
        </test-method> <!-- tearDown -->
        <test-method is-config="true" signature="setUp(java.lang.String)[pri:0, instance:com.TestCase.ExecutionClass@702657cc]" started-at="2025-03-10T18:49:43 IST" name="setUp" finished-at="2025-03-10T18:49:47 IST" duration-ms="4007" status="PASS">
          <params>
            <param index="0">
              <value>
                <![CDATA[Chrome]]>
              </value>
            </param>
          </params>
          <reporter-output>
          </reporter-output>
        </test-method> <!-- setUp -->
        <test-method signature="checkout()[pri:3, instance:com.TestCase.ExecutionClass@702657cc]" started-at="2025-03-10T18:49:47 IST" name="checkout" finished-at="2025-03-10T18:50:18 IST" duration-ms="30214" status="PASS">
          <reporter-output>
          </reporter-output>
        </test-method> <!-- checkout -->
        <test-method is-config="true" signature="tearDown()[pri:0, instance:com.TestCase.ExecutionClass@702657cc]" started-at="2025-03-10T18:50:18 IST" name="tearDown" finished-at="2025-03-10T18:50:18 IST" duration-ms="431" status="PASS">
          <reporter-output>
          </reporter-output>
        </test-method> <!-- tearDown -->
      </class> <!-- com.TestCase.ExecutionClass -->
    </test> <!-- MyTest -->
  </suite> <!-- Suite -->
</testng-results>
