<?xml version="1.0" encoding="UTF-8"?>
<testng-results ignored="0" total="3" passed="3" failed="0" skipped="0">
  <reporter-output>
  </reporter-output>
  <suite started-at="2025-03-10T19:44:09 IST" name="Suite" finished-at="2025-03-10T19:45:12 IST" duration-ms="63372">
    <groups>
    </groups>
    <test started-at="2025-03-10T19:44:09 IST" name="MyTest" finished-at="2025-03-10T19:45:12 IST" duration-ms="63372">
      <class name="com.TestCase.ExecutionClass">
        <test-method is-config="true" signature="setUp(java.lang.String)[pri:0, instance:com.TestCase.ExecutionClass@702657cc]" started-at="2025-03-10T19:44:09 IST" name="setUp" finished-at="2025-03-10T19:44:15 IST" duration-ms="5853" status="PASS">
          <params>
            <param index="0">
              <value>
                <![CDATA[Chrome]]>
              </value>
            </param>
          </params>
          <reporter-output>
          </reporter-output>
        </test-method> <!-- setUp -->
        <test-method signature="signupNew()[pri:1, instance:com.TestCase.ExecutionClass@702657cc]" started-at="2025-03-10T19:44:15 IST" name="signupNew" finished-at="2025-03-10T19:44:26 IST" duration-ms="11094" status="PASS">
          <reporter-output>
          </reporter-output>
        </test-method> <!-- signupNew -->
        <test-method is-config="true" signature="tearDown()[pri:0, instance:com.TestCase.ExecutionClass@702657cc]" started-at="2025-03-10T19:44:26 IST" name="tearDown" finished-at="2025-03-10T19:44:27 IST" duration-ms="1273" status="PASS">
          <reporter-output>
          </reporter-output>
        </test-method> <!-- tearDown -->
        <test-method is-config="true" signature="setUp(java.lang.String)[pri:0, instance:com.TestCase.ExecutionClass@702657cc]" started-at="2025-03-10T19:44:27 IST" name="setUp" finished-at="2025-03-10T19:44:30 IST" duration-ms="3066" status="PASS">
          <params>
            <param index="0">
              <value>
                <![CDATA[Chrome]]>
              </value>
            </param>
          </params>
          <reporter-output>
          </reporter-output>
        </test-method> <!-- setUp -->
        <test-method signature="login()[pri:2, instance:com.TestCase.ExecutionClass@702657cc]" started-at="2025-03-10T19:44:30 IST" name="login" finished-at="2025-03-10T19:44:44 IST" duration-ms="13994" status="PASS">
          <reporter-output>
          </reporter-output>
        </test-method> <!-- login -->
        <test-method is-config="true" signature="tearDown()[pri:0, instance:com.TestCase.ExecutionClass@702657cc]" started-at="2025-03-10T19:44:44 IST" name="tearDown" finished-at="2025-03-10T19:44:45 IST" duration-ms="546" status="PASS">
          <reporter-output>
          </reporter-output>
        </test-method> <!-- tearDown -->
        <test-method is-config="true" signature="setUp(java.lang.String)[pri:0, instance:com.TestCase.ExecutionClass@702657cc]" started-at="2025-03-10T19:44:45 IST" name="setUp" finished-at="2025-03-10T19:44:48 IST" duration-ms="3013" status="PASS">
          <params>
            <param index="0">
              <value>
                <![CDATA[Chrome]]>
              </value>
            </param>
          </params>
          <reporter-output>
          </reporter-output>
        </test-method> <!-- setUp -->
        <test-method signature="checkout()[pri:3, instance:com.TestCase.ExecutionClass@702657cc]" started-at="2025-03-10T19:44:48 IST" name="checkout" finished-at="2025-03-10T19:45:12 IST" duration-ms="24003" status="PASS">
          <reporter-output>
          </reporter-output>
        </test-method> <!-- checkout -->
        <test-method is-config="true" signature="tearDown()[pri:0, instance:com.TestCase.ExecutionClass@702657cc]" started-at="2025-03-10T19:45:12 IST" name="tearDown" finished-at="2025-03-10T19:45:12 IST" duration-ms="445" status="PASS">
          <reporter-output>
          </reporter-output>
        </test-method> <!-- tearDown -->
      </class> <!-- com.TestCase.ExecutionClass -->
    </test> <!-- MyTest -->
  </suite> <!-- Suite -->
</testng-results>
